2023-01-03 19:33:24,853 39080 INFO ABCCompany odoo.addons.base.models.ir_cron: Starting job `Reminder scheduler`. 
2023-01-03 19:33:24,856 39080 INFO ABCCompany odoo.addons.base.models.ir_cron: Job `Reminder scheduler` done. 
2023-01-03 19:34:25,884 39080 INFO ABCCompany odoo.addons.base.models.ir_cron: Starting job `Reminder scheduler`. 
2023-01-03 19:34:25,886 39080 INFO ABCCompany odoo.addons.base.models.ir_cron: Job `Reminder scheduler` done. 
2023-01-03 19:34:36,277 39080 INFO ABCCompany werkzeug: 127.0.0.1 - - [03/Jan/2023 19:34:36] "GET /websocket HTTP/1.1" 101 - 2 0.000 0.005
2023-01-03 19:35:21,343 39080 INFO ABCCompany werkzeug: 127.0.0.1 - - [03/Jan/2023 19:35:21] "GET /websocket HTTP/1.1" 101 - 2 0.000 0.005
2023-01-03 19:35:21,605 39080 INFO ABCCompany werkzeug: 127.0.0.1 - - [03/Jan/2023 19:35:21] "GET /websocket HTTP/1.1" 101 - 1 0.000 0.004
2023-01-03 19:35:26,921 39080 INFO ABCCompany odoo.addons.base.models.ir_cron: Starting job `Reminder scheduler`. 
2023-01-03 19:35:26,924 39080 INFO ABCCompany odoo.addons.base.models.ir_cron: Job `Reminder scheduler` done. 
2023-01-03 19:36:27,953 39080 INFO ABCCompany odoo.addons.base.models.ir_cron: Starting job `Reminder scheduler`. 
2023-01-03 19:36:27,956 39080 INFO ABCCompany odoo.addons.base.models.ir_cron: Job `Reminder scheduler` done. 
2023-01-03 19:36:35,955 39080 INFO ABCCompany werkzeug: 127.0.0.1 - - [03/Jan/2023 19:36:35] "GET /websocket HTTP/1.1" 101 - 2 0.000 0.005
2023-01-03 19:37:28,990 39080 INFO ABCCompany odoo.addons.base.models.ir_cron: Starting job `Reminder scheduler`. 
2023-01-03 19:37:28,994 39080 INFO ABCCompany odoo.addons.base.models.ir_cron: Job `Reminder scheduler` done. 
2023-01-03 19:38:30,030 39080 INFO ABCCompany odoo.addons.base.models.ir_cron: Starting job `payment: post-process transactions`. 
2023-01-03 19:38:30,033 39080 INFO ABCCompany odoo.addons.base.models.ir_cron: Job `payment: post-process transactions` done. 
2023-01-03 19:38:30,039 39080 INFO ABCCompany odoo.addons.base.models.ir_cron: Starting job `Reminder scheduler`. 
2023-01-03 19:38:30,042 39080 INFO ABCCompany odoo.addons.base.models.ir_cron: Job `Reminder scheduler` done. 
2023-01-03 19:39:31,069 39080 INFO ABCCompany odoo.addons.base.models.ir_cron: Starting job `Reminder scheduler`. 
2023-01-03 19:39:31,072 39080 INFO ABCCompany odoo.addons.base.models.ir_cron: Job `Reminder scheduler` done. 
2023-01-03 19:40:32,098 39080 INFO ABCCompany odoo.addons.base.models.ir_cron: Starting job `Reminder scheduler`. 
2023-01-03 19:40:32,101 39080 INFO ABCCompany odoo.addons.base.models.ir_cron: Job `Reminder scheduler` done. 
2023-01-03 19:41:33,132 39080 INFO ABCCompany odoo.addons.base.models.ir_cron: Starting job `Reminder scheduler`. 
2023-01-03 19:41:33,135 39080 INFO ABCCompany odoo.addons.base.models.ir_cron: Job `Reminder scheduler` done. 
2023-01-03 19:42:34,169 39080 INFO ABCCompany odoo.addons.base.models.ir_cron: Starting job `Reminder scheduler`. 
2023-01-03 19:42:34,172 39080 INFO ABCCompany odoo.addons.base.models.ir_cron: Job `Reminder scheduler` done. 
2023-01-03 19:43:35,203 39080 INFO ABCCompany odoo.addons.base.models.ir_cron: Starting job `Reminder scheduler`. 
2023-01-03 19:43:35,206 39080 INFO ABCCompany odoo.addons.base.models.ir_cron: Job `Reminder scheduler` done. 
